<?xml version="1.0" encoding="UTF-8"?>
<!-- Generated by org.testng.reporters.JUnitReportReporter -->
<testsuite hostname="Sailaja" name="com.TestNG.Annotations2" tests="3" failures="0" timestamp="28 Aug 2019 07:14:22 GMT" time="0.016" errors="0">
  <testcase name="drafts" time="0.000" classname="com.TestNG.Annotations2"/>
  <testcase name="sentmail" time="0.000" classname="com.TestNG.Annotations2"/>
  <testcase name="inbox" time="0.016" classname="com.TestNG.Annotations2"/>
</testsuite> <!-- com.TestNG.Annotations2 -->
