<?xml version="1.0" encoding="UTF-8"?>
<!-- Generated by org.testng.reporters.JUnitReportReporter -->
<testsuite hostname="Sailaja" name="com.DataDriven.NewtoursLoginTestData" tests="1" failures="0" timestamp="30 Aug 2019 11:58:15 GMT" time="2.905" errors="0">
  <testcase name="setup" time="2.905" classname="com.DataDriven.NewtoursLoginTestData"/>
</testsuite> <!-- com.DataDriven.NewtoursLoginTestData -->
