<?xml version="1.0" encoding="UTF-8"?>
<!-- Generated by org.testng.reporters.JUnitReportReporter -->
<testsuite hostname="Sailaja" name="com.DataDriven.Orangehrmlogin" tests="1" failures="0" timestamp="30 Aug 2019 13:02:26 GMT" time="8.477" errors="0">
  <testcase name="Orangehrmlogin" time="8.477" classname="com.DataDriven.Orangehrmlogin"/>
</testsuite> <!-- com.DataDriven.Orangehrmlogin -->
