<?xml version="1.0" encoding="UTF-8"?>
<!-- Generated by org.testng.reporters.JUnitReportReporter -->
<testsuite hostname="Sailaja" name="com.TestNG.Annotations3" tests="3" failures="0" timestamp="28 Aug 2019 07:16:16 GMT" time="0.015" errors="0">
  <testcase name="drafts" time="0.015" classname="com.TestNG.Annotations3"/>
  <testcase name="sentmail" time="0.000" classname="com.TestNG.Annotations3"/>
  <testcase name="inbox" time="0.000" classname="com.TestNG.Annotations3"/>
</testsuite> <!-- com.TestNG.Annotations3 -->
