<?xml version="1.0" encoding="UTF-8"?>
<!-- Generated by org.testng.reporters.JUnitReportReporter -->
<testsuite hostname="Sailaja" name="com.TestNG.Annotations1" tests="3" failures="0" timestamp="28 Aug 2019 12:30:04 GMT" time="0.020" errors="0">
  <testcase name="drafts" time="0.003" classname="com.TestNG.Annotations1"/>
  <testcase name="inbox" time="0.016" classname="com.TestNG.Annotations1"/>
  <testcase name="sentmail" time="0.001" classname="com.TestNG.Annotations1"/>
</testsuite> <!-- com.TestNG.Annotations1 -->
